<?xml version="1.0" encoding="utf-8"?><testsuites name="pytest tests"><testsuite name="pytest" errors="0" failures="0" skipped="0" tests="11" time="0.846" timestamp="2025-10-26T22:12:11.426687-07:00" hostname="RomeoPC"><testcase classname="tests.unit.test_inference.TestInferenceLogic" name="test_model_loading_success" time="0.096" /><testcase classname="tests.unit.test_inference.TestInferenceLogic" name="test_model_loading_failure" time="0.001" /><testcase classname="tests.unit.test_inference.TestInferenceLogic" name="test_predict_price_logic" time="0.006" /><testcase classname="tests.unit.test_inference.TestInferenceLogic" name="test_feature_engineering" time="0.003" /><testcase classname="tests.unit.test_inference.TestInferenceLogic" name="test_batch_predict_logic" time="0.003" /><testcase classname="tests.unit.test_inference.TestInferenceLogic" name="test_house_prediction_request_validation" time="0.001" /><testcase classname="tests.unit.test_inference.TestInferenceLogic" name="test_prediction_response_structure" time="0.001" /><testcase classname="tests.unit.test_inference.TestInferenceLogic" name="test_data_type_conversion" time="0.001" /><testcase classname="tests.unit.test_inference.TestInputValidation" name="test_positive_number_validation" time="0.001" /><testcase classname="tests.unit.test_inference.TestInputValidation" name="test_categorical_validation" time="0.001" /><testcase classname="tests.unit.test_inference.TestInputValidation" name="test_year_validation" time="0.001" /></testsuite></testsuites>